[04-Mar-2025 09:46:29 UTC] PHP Fatal error:  Uncaught InvalidArgumentException: Cannot redirect to an empty URL. in /var/www/html/orangehrm-5.6.1/src/vendor/symfony/http-foundation/RedirectResponse.php:86
Stack trace:
#0 /var/www/html/orangehrm-5.6.1/src/vendor/symfony/http-foundation/RedirectResponse.php(39): Symfony\Component\HttpFoundation\RedirectResponse->setTargetUrl()
#1 /var/www/html/orangehrm-5.6.1/web/index.php(43): Symfony\Component\HttpFoundation\RedirectResponse->__construct()
#2 {main}
  thrown in /var/www/html/orangehrm-5.6.1/src/vendor/symfony/http-foundation/RedirectResponse.php on line 86
[04-Mar-2025 09:46:37 UTC] PHP Fatal error:  Uncaught InvalidArgumentException: Cannot redirect to an empty URL. in /var/www/html/orangehrm-5.6.1/src/vendor/symfony/http-foundation/RedirectResponse.php:86
Stack trace:
#0 /var/www/html/orangehrm-5.6.1/src/vendor/symfony/http-foundation/RedirectResponse.php(39): Symfony\Component\HttpFoundation\RedirectResponse->setTargetUrl()
#1 /var/www/html/orangehrm-5.6.1/web/index.php(43): Symfony\Component\HttpFoundation\RedirectResponse->__construct()
#2 {main}
  thrown in /var/www/html/orangehrm-5.6.1/src/vendor/symfony/http-foundation/RedirectResponse.php on line 86
[04-Mar-2025 09:46:54 UTC] PHP Fatal error:  Uncaught InvalidArgumentException: Cannot redirect to an empty URL. in /var/www/html/orangehrm-5.6.1/src/vendor/symfony/http-foundation/RedirectResponse.php:86
Stack trace:
#0 /var/www/html/orangehrm-5.6.1/src/vendor/symfony/http-foundation/RedirectResponse.php(39): Symfony\Component\HttpFoundation\RedirectResponse->setTargetUrl()
#1 /var/www/html/orangehrm-5.6.1/web/index.php(43): Symfony\Component\HttpFoundation\RedirectResponse->__construct()
#2 {main}
  thrown in /var/www/html/orangehrm-5.6.1/src/vendor/symfony/http-foundation/RedirectResponse.php on line 86
[04-Mar-2025 09:47:02 UTC] PHP Fatal error:  Uncaught InvalidArgumentException: Cannot redirect to an empty URL. in /var/www/html/orangehrm-5.6.1/src/vendor/symfony/http-foundation/RedirectResponse.php:86
Stack trace:
#0 /var/www/html/orangehrm-5.6.1/src/vendor/symfony/http-foundation/RedirectResponse.php(39): Symfony\Component\HttpFoundation\RedirectResponse->setTargetUrl()
#1 /var/www/html/orangehrm-5.6.1/web/index.php(43): Symfony\Component\HttpFoundation\RedirectResponse->__construct()
#2 {main}
  thrown in /var/www/html/orangehrm-5.6.1/src/vendor/symfony/http-foundation/RedirectResponse.php on line 86
[04-Mar-2025 09:47:03 UTC] PHP Fatal error:  Uncaught InvalidArgumentException: Cannot redirect to an empty URL. in /var/www/html/orangehrm-5.6.1/src/vendor/symfony/http-foundation/RedirectResponse.php:86
Stack trace:
#0 /var/www/html/orangehrm-5.6.1/src/vendor/symfony/http-foundation/RedirectResponse.php(39): Symfony\Component\HttpFoundation\RedirectResponse->setTargetUrl()
#1 /var/www/html/orangehrm-5.6.1/web/index.php(43): Symfony\Component\HttpFoundation\RedirectResponse->__construct()
#2 {main}
  thrown in /var/www/html/orangehrm-5.6.1/src/vendor/symfony/http-foundation/RedirectResponse.php on line 86
[04-Mar-2025 09:47:04 UTC] PHP Fatal error:  Uncaught InvalidArgumentException: Cannot redirect to an empty URL. in /var/www/html/orangehrm-5.6.1/src/vendor/symfony/http-foundation/RedirectResponse.php:86
Stack trace:
#0 /var/www/html/orangehrm-5.6.1/src/vendor/symfony/http-foundation/RedirectResponse.php(39): Symfony\Component\HttpFoundation\RedirectResponse->setTargetUrl()
#1 /var/www/html/orangehrm-5.6.1/web/index.php(43): Symfony\Component\HttpFoundation\RedirectResponse->__construct()
#2 {main}
  thrown in /var/www/html/orangehrm-5.6.1/src/vendor/symfony/http-foundation/RedirectResponse.php on line 86
[04-Mar-2025 09:47:11 UTC] PHP Fatal error:  Uncaught InvalidArgumentException: Cannot redirect to an empty URL. in /var/www/html/orangehrm-5.6.1/src/vendor/symfony/http-foundation/RedirectResponse.php:86
Stack trace:
#0 /var/www/html/orangehrm-5.6.1/src/vendor/symfony/http-foundation/RedirectResponse.php(39): Symfony\Component\HttpFoundation\RedirectResponse->setTargetUrl()
#1 /var/www/html/orangehrm-5.6.1/web/index.php(43): Symfony\Component\HttpFoundation\RedirectResponse->__construct()
#2 {main}
  thrown in /var/www/html/orangehrm-5.6.1/src/vendor/symfony/http-foundation/RedirectResponse.php on line 86
[04-Mar-2025 09:47:19 UTC] PHP Fatal error:  Uncaught InvalidArgumentException: Cannot redirect to an empty URL. in /var/www/html/orangehrm-5.6.1/src/vendor/symfony/http-foundation/RedirectResponse.php:86
Stack trace:
#0 /var/www/html/orangehrm-5.6.1/src/vendor/symfony/http-foundation/RedirectResponse.php(39): Symfony\Component\HttpFoundation\RedirectResponse->setTargetUrl()
#1 /var/www/html/orangehrm-5.6.1/web/index.php(43): Symfony\Component\HttpFoundation\RedirectResponse->__construct()
#2 {main}
  thrown in /var/www/html/orangehrm-5.6.1/src/vendor/symfony/http-foundation/RedirectResponse.php on line 86
[04-Mar-2025 09:47:29 UTC] PHP Fatal error:  Uncaught InvalidArgumentException: Cannot redirect to an empty URL. in /var/www/html/orangehrm-5.6.1/src/vendor/symfony/http-foundation/RedirectResponse.php:86
Stack trace:
#0 /var/www/html/orangehrm-5.6.1/src/vendor/symfony/http-foundation/RedirectResponse.php(39): Symfony\Component\HttpFoundation\RedirectResponse->setTargetUrl()
#1 /var/www/html/orangehrm-5.6.1/web/index.php(43): Symfony\Component\HttpFoundation\RedirectResponse->__construct()
#2 {main}
  thrown in /var/www/html/orangehrm-5.6.1/src/vendor/symfony/http-foundation/RedirectResponse.php on line 86
[04-Mar-2025 09:55:17 UTC] PHP Fatal error:  Uncaught InvalidArgumentException: Cannot redirect to an empty URL. in /var/www/html/orangehrm-5.6.1/src/vendor/symfony/http-foundation/RedirectResponse.php:86
Stack trace:
#0 /var/www/html/orangehrm-5.6.1/src/vendor/symfony/http-foundation/RedirectResponse.php(39): Symfony\Component\HttpFoundation\RedirectResponse->setTargetUrl()
#1 /var/www/html/orangehrm-5.6.1/web/index.php(43): Symfony\Component\HttpFoundation\RedirectResponse->__construct()
#2 {main}
  thrown in /var/www/html/orangehrm-5.6.1/src/vendor/symfony/http-foundation/RedirectResponse.php on line 86
[04-Mar-2025 09:55:18 UTC] PHP Fatal error:  Uncaught InvalidArgumentException: Cannot redirect to an empty URL. in /var/www/html/orangehrm-5.6.1/src/vendor/symfony/http-foundation/RedirectResponse.php:86
Stack trace:
#0 /var/www/html/orangehrm-5.6.1/src/vendor/symfony/http-foundation/RedirectResponse.php(39): Symfony\Component\HttpFoundation\RedirectResponse->setTargetUrl()
#1 /var/www/html/orangehrm-5.6.1/web/index.php(43): Symfony\Component\HttpFoundation\RedirectResponse->__construct()
#2 {main}
  thrown in /var/www/html/orangehrm-5.6.1/src/vendor/symfony/http-foundation/RedirectResponse.php on line 86
[04-Mar-2025 09:55:21 UTC] PHP Fatal error:  Uncaught InvalidArgumentException: Cannot redirect to an empty URL. in /var/www/html/orangehrm-5.6.1/src/vendor/symfony/http-foundation/RedirectResponse.php:86
Stack trace:
#0 /var/www/html/orangehrm-5.6.1/src/vendor/symfony/http-foundation/RedirectResponse.php(39): Symfony\Component\HttpFoundation\RedirectResponse->setTargetUrl()
#1 /var/www/html/orangehrm-5.6.1/web/index.php(43): Symfony\Component\HttpFoundation\RedirectResponse->__construct()
#2 {main}
  thrown in /var/www/html/orangehrm-5.6.1/src/vendor/symfony/http-foundation/RedirectResponse.php on line 86
[04-Mar-2025 09:55:30 UTC] PHP Fatal error:  Uncaught InvalidArgumentException: Cannot redirect to an empty URL. in /var/www/html/orangehrm-5.6.1/src/vendor/symfony/http-foundation/RedirectResponse.php:86
Stack trace:
#0 /var/www/html/orangehrm-5.6.1/src/vendor/symfony/http-foundation/RedirectResponse.php(39): Symfony\Component\HttpFoundation\RedirectResponse->setTargetUrl()
#1 /var/www/html/orangehrm-5.6.1/web/index.php(43): Symfony\Component\HttpFoundation\RedirectResponse->__construct()
#2 {main}
  thrown in /var/www/html/orangehrm-5.6.1/src/vendor/symfony/http-foundation/RedirectResponse.php on line 86
[04-Mar-2025 09:55:34 UTC] PHP Fatal error:  Uncaught InvalidArgumentException: Cannot redirect to an empty URL. in /var/www/html/orangehrm-5.6.1/src/vendor/symfony/http-foundation/RedirectResponse.php:86
Stack trace:
#0 /var/www/html/orangehrm-5.6.1/src/vendor/symfony/http-foundation/RedirectResponse.php(39): Symfony\Component\HttpFoundation\RedirectResponse->setTargetUrl()
#1 /var/www/html/orangehrm-5.6.1/web/index.php(43): Symfony\Component\HttpFoundation\RedirectResponse->__construct()
#2 {main}
  thrown in /var/www/html/orangehrm-5.6.1/src/vendor/symfony/http-foundation/RedirectResponse.php on line 86
[04-Mar-2025 09:55:36 UTC] PHP Fatal error:  Uncaught InvalidArgumentException: Cannot redirect to an empty URL. in /var/www/html/orangehrm-5.6.1/src/vendor/symfony/http-foundation/RedirectResponse.php:86
Stack trace:
#0 /var/www/html/orangehrm-5.6.1/src/vendor/symfony/http-foundation/RedirectResponse.php(39): Symfony\Component\HttpFoundation\RedirectResponse->setTargetUrl()
#1 /var/www/html/orangehrm-5.6.1/web/index.php(43): Symfony\Component\HttpFoundation\RedirectResponse->__construct()
#2 {main}
  thrown in /var/www/html/orangehrm-5.6.1/src/vendor/symfony/http-foundation/RedirectResponse.php on line 86
[04-Mar-2025 09:57:45 UTC] PHP Fatal error:  Uncaught InvalidArgumentException: Cannot redirect to an empty URL. in /var/www/html/orangehrm-5.6.1/src/vendor/symfony/http-foundation/RedirectResponse.php:86
Stack trace:
#0 /var/www/html/orangehrm-5.6.1/src/vendor/symfony/http-foundation/RedirectResponse.php(39): Symfony\Component\HttpFoundation\RedirectResponse->setTargetUrl()
#1 /var/www/html/orangehrm-5.6.1/web/index.php(43): Symfony\Component\HttpFoundation\RedirectResponse->__construct()
#2 {main}
  thrown in /var/www/html/orangehrm-5.6.1/src/vendor/symfony/http-foundation/RedirectResponse.php on line 86
[04-Mar-2025 09:57:46 UTC] PHP Fatal error:  Uncaught InvalidArgumentException: Cannot redirect to an empty URL. in /var/www/html/orangehrm-5.6.1/src/vendor/symfony/http-foundation/RedirectResponse.php:86
Stack trace:
#0 /var/www/html/orangehrm-5.6.1/src/vendor/symfony/http-foundation/RedirectResponse.php(39): Symfony\Component\HttpFoundation\RedirectResponse->setTargetUrl()
#1 /var/www/html/orangehrm-5.6.1/web/index.php(43): Symfony\Component\HttpFoundation\RedirectResponse->__construct()
#2 {main}
  thrown in /var/www/html/orangehrm-5.6.1/src/vendor/symfony/http-foundation/RedirectResponse.php on line 86
[04-Mar-2025 09:57:47 UTC] PHP Fatal error:  Uncaught InvalidArgumentException: Cannot redirect to an empty URL. in /var/www/html/orangehrm-5.6.1/src/vendor/symfony/http-foundation/RedirectResponse.php:86
Stack trace:
#0 /var/www/html/orangehrm-5.6.1/src/vendor/symfony/http-foundation/RedirectResponse.php(39): Symfony\Component\HttpFoundation\RedirectResponse->setTargetUrl()
#1 /var/www/html/orangehrm-5.6.1/web/index.php(43): Symfony\Component\HttpFoundation\RedirectResponse->__construct()
#2 {main}
  thrown in /var/www/html/orangehrm-5.6.1/src/vendor/symfony/http-foundation/RedirectResponse.php on line 86
[04-Mar-2025 09:59:20 UTC] PHP Fatal error:  Uncaught InvalidArgumentException: Cannot redirect to an empty URL. in /var/www/html/orangehrm-5.6.1/src/vendor/symfony/http-foundation/RedirectResponse.php:86
Stack trace:
#0 /var/www/html/orangehrm-5.6.1/src/vendor/symfony/http-foundation/RedirectResponse.php(39): Symfony\Component\HttpFoundation\RedirectResponse->setTargetUrl()
#1 /var/www/html/orangehrm-5.6.1/web/index.php(43): Symfony\Component\HttpFoundation\RedirectResponse->__construct()
#2 {main}
  thrown in /var/www/html/orangehrm-5.6.1/src/vendor/symfony/http-foundation/RedirectResponse.php on line 86
[04-Mar-2025 10:02:04 UTC] PHP Fatal error:  Uncaught InvalidArgumentException: Cannot redirect to an empty URL. in /var/www/html/orangehrm-5.6.1/src/vendor/symfony/http-foundation/RedirectResponse.php:86
Stack trace:
#0 /var/www/html/orangehrm-5.6.1/src/vendor/symfony/http-foundation/RedirectResponse.php(39): Symfony\Component\HttpFoundation\RedirectResponse->setTargetUrl()
#1 /var/www/html/orangehrm-5.6.1/web/index.php(43): Symfony\Component\HttpFoundation\RedirectResponse->__construct()
#2 {main}
  thrown in /var/www/html/orangehrm-5.6.1/src/vendor/symfony/http-foundation/RedirectResponse.php on line 86
[04-Mar-2025 10:03:25 UTC] PHP Fatal error:  Uncaught InvalidArgumentException: Cannot redirect to an empty URL. in /var/www/html/orangehrm-5.6.1/src/vendor/symfony/http-foundation/RedirectResponse.php:86
Stack trace:
#0 /var/www/html/orangehrm-5.6.1/src/vendor/symfony/http-foundation/RedirectResponse.php(39): Symfony\Component\HttpFoundation\RedirectResponse->setTargetUrl()
#1 /var/www/html/orangehrm-5.6.1/web/index.php(43): Symfony\Component\HttpFoundation\RedirectResponse->__construct()
#2 {main}
  thrown in /var/www/html/orangehrm-5.6.1/src/vendor/symfony/http-foundation/RedirectResponse.php on line 86
[04-Mar-2025 10:04:18 UTC] PHP Fatal error:  Uncaught InvalidArgumentException: Cannot redirect to an empty URL. in /var/www/html/orangehrm-5.6.1/src/vendor/symfony/http-foundation/RedirectResponse.php:86
Stack trace:
#0 /var/www/html/orangehrm-5.6.1/src/vendor/symfony/http-foundation/RedirectResponse.php(39): Symfony\Component\HttpFoundation\RedirectResponse->setTargetUrl()
#1 /var/www/html/orangehrm-5.6.1/web/index.php(43): Symfony\Component\HttpFoundation\RedirectResponse->__construct()
#2 {main}
  thrown in /var/www/html/orangehrm-5.6.1/src/vendor/symfony/http-foundation/RedirectResponse.php on line 86
[04-Mar-2025 10:04:21 UTC] PHP Fatal error:  Uncaught InvalidArgumentException: Cannot redirect to an empty URL. in /var/www/html/orangehrm-5.6.1/src/vendor/symfony/http-foundation/RedirectResponse.php:86
Stack trace:
#0 /var/www/html/orangehrm-5.6.1/src/vendor/symfony/http-foundation/RedirectResponse.php(39): Symfony\Component\HttpFoundation\RedirectResponse->setTargetUrl()
#1 /var/www/html/orangehrm-5.6.1/web/index.php(43): Symfony\Component\HttpFoundation\RedirectResponse->__construct()
#2 {main}
  thrown in /var/www/html/orangehrm-5.6.1/src/vendor/symfony/http-foundation/RedirectResponse.php on line 86
[04-Mar-2025 10:04:22 UTC] PHP Fatal error:  Uncaught InvalidArgumentException: Cannot redirect to an empty URL. in /var/www/html/orangehrm-5.6.1/src/vendor/symfony/http-foundation/RedirectResponse.php:86
Stack trace:
#0 /var/www/html/orangehrm-5.6.1/src/vendor/symfony/http-foundation/RedirectResponse.php(39): Symfony\Component\HttpFoundation\RedirectResponse->setTargetUrl()
#1 /var/www/html/orangehrm-5.6.1/web/index.php(43): Symfony\Component\HttpFoundation\RedirectResponse->__construct()
#2 {main}
  thrown in /var/www/html/orangehrm-5.6.1/src/vendor/symfony/http-foundation/RedirectResponse.php on line 86
[04-Mar-2025 10:04:58 UTC] PHP Fatal error:  Uncaught InvalidArgumentException: Cannot redirect to an empty URL. in /var/www/html/orangehrm-5.6.1/src/vendor/symfony/http-foundation/RedirectResponse.php:86
Stack trace:
#0 /var/www/html/orangehrm-5.6.1/src/vendor/symfony/http-foundation/RedirectResponse.php(39): Symfony\Component\HttpFoundation\RedirectResponse->setTargetUrl()
#1 /var/www/html/orangehrm-5.6.1/web/index.php(43): Symfony\Component\HttpFoundation\RedirectResponse->__construct()
#2 {main}
  thrown in /var/www/html/orangehrm-5.6.1/src/vendor/symfony/http-foundation/RedirectResponse.php on line 86
[04-Mar-2025 10:09:09 UTC] PHP Fatal error:  Uncaught InvalidArgumentException: Cannot redirect to an empty URL. in /var/www/html/orangehrm-5.6.1/src/vendor/symfony/http-foundation/RedirectResponse.php:86
Stack trace:
#0 /var/www/html/orangehrm-5.6.1/src/vendor/symfony/http-foundation/RedirectResponse.php(39): Symfony\Component\HttpFoundation\RedirectResponse->setTargetUrl()
#1 /var/www/html/orangehrm-5.6.1/web/index.php(43): Symfony\Component\HttpFoundation\RedirectResponse->__construct()
#2 {main}
  thrown in /var/www/html/orangehrm-5.6.1/src/vendor/symfony/http-foundation/RedirectResponse.php on line 86
[04-Mar-2025 10:09:10 UTC] PHP Fatal error:  Uncaught InvalidArgumentException: Cannot redirect to an empty URL. in /var/www/html/orangehrm-5.6.1/src/vendor/symfony/http-foundation/RedirectResponse.php:86
Stack trace:
#0 /var/www/html/orangehrm-5.6.1/src/vendor/symfony/http-foundation/RedirectResponse.php(39): Symfony\Component\HttpFoundation\RedirectResponse->setTargetUrl()
#1 /var/www/html/orangehrm-5.6.1/web/index.php(43): Symfony\Component\HttpFoundation\RedirectResponse->__construct()
#2 {main}
  thrown in /var/www/html/orangehrm-5.6.1/src/vendor/symfony/http-foundation/RedirectResponse.php on line 86
[04-Mar-2025 10:09:10 UTC] PHP Fatal error:  Uncaught InvalidArgumentException: Cannot redirect to an empty URL. in /var/www/html/orangehrm-5.6.1/src/vendor/symfony/http-foundation/RedirectResponse.php:86
Stack trace:
#0 /var/www/html/orangehrm-5.6.1/src/vendor/symfony/http-foundation/RedirectResponse.php(39): Symfony\Component\HttpFoundation\RedirectResponse->setTargetUrl()
#1 /var/www/html/orangehrm-5.6.1/web/index.php(43): Symfony\Component\HttpFoundation\RedirectResponse->__construct()
#2 {main}
  thrown in /var/www/html/orangehrm-5.6.1/src/vendor/symfony/http-foundation/RedirectResponse.php on line 86
[04-Mar-2025 10:09:11 UTC] PHP Fatal error:  Uncaught InvalidArgumentException: Cannot redirect to an empty URL. in /var/www/html/orangehrm-5.6.1/src/vendor/symfony/http-foundation/RedirectResponse.php:86
Stack trace:
#0 /var/www/html/orangehrm-5.6.1/src/vendor/symfony/http-foundation/RedirectResponse.php(39): Symfony\Component\HttpFoundation\RedirectResponse->setTargetUrl()
#1 /var/www/html/orangehrm-5.6.1/web/index.php(43): Symfony\Component\HttpFoundation\RedirectResponse->__construct()
#2 {main}
  thrown in /var/www/html/orangehrm-5.6.1/src/vendor/symfony/http-foundation/RedirectResponse.php on line 86
[04-Mar-2025 10:09:11 UTC] PHP Fatal error:  Uncaught InvalidArgumentException: Cannot redirect to an empty URL. in /var/www/html/orangehrm-5.6.1/src/vendor/symfony/http-foundation/RedirectResponse.php:86
Stack trace:
#0 /var/www/html/orangehrm-5.6.1/src/vendor/symfony/http-foundation/RedirectResponse.php(39): Symfony\Component\HttpFoundation\RedirectResponse->setTargetUrl()
#1 /var/www/html/orangehrm-5.6.1/web/index.php(43): Symfony\Component\HttpFoundation\RedirectResponse->__construct()
#2 {main}
  thrown in /var/www/html/orangehrm-5.6.1/src/vendor/symfony/http-foundation/RedirectResponse.php on line 86
[04-Mar-2025 10:09:11 UTC] PHP Fatal error:  Uncaught InvalidArgumentException: Cannot redirect to an empty URL. in /var/www/html/orangehrm-5.6.1/src/vendor/symfony/http-foundation/RedirectResponse.php:86
Stack trace:
#0 /var/www/html/orangehrm-5.6.1/src/vendor/symfony/http-foundation/RedirectResponse.php(39): Symfony\Component\HttpFoundation\RedirectResponse->setTargetUrl()
#1 /var/www/html/orangehrm-5.6.1/web/index.php(43): Symfony\Component\HttpFoundation\RedirectResponse->__construct()
#2 {main}
  thrown in /var/www/html/orangehrm-5.6.1/src/vendor/symfony/http-foundation/RedirectResponse.php on line 86
[04-Mar-2025 10:09:11 UTC] PHP Fatal error:  Uncaught InvalidArgumentException: Cannot redirect to an empty URL. in /var/www/html/orangehrm-5.6.1/src/vendor/symfony/http-foundation/RedirectResponse.php:86
Stack trace:
#0 /var/www/html/orangehrm-5.6.1/src/vendor/symfony/http-foundation/RedirectResponse.php(39): Symfony\Component\HttpFoundation\RedirectResponse->setTargetUrl()
#1 /var/www/html/orangehrm-5.6.1/web/index.php(43): Symfony\Component\HttpFoundation\RedirectResponse->__construct()
#2 {main}
  thrown in /var/www/html/orangehrm-5.6.1/src/vendor/symfony/http-foundation/RedirectResponse.php on line 86
[04-Mar-2025 10:09:11 UTC] PHP Fatal error:  Uncaught InvalidArgumentException: Cannot redirect to an empty URL. in /var/www/html/orangehrm-5.6.1/src/vendor/symfony/http-foundation/RedirectResponse.php:86
Stack trace:
#0 /var/www/html/orangehrm-5.6.1/src/vendor/symfony/http-foundation/RedirectResponse.php(39): Symfony\Component\HttpFoundation\RedirectResponse->setTargetUrl()
#1 /var/www/html/orangehrm-5.6.1/web/index.php(43): Symfony\Component\HttpFoundation\RedirectResponse->__construct()
#2 {main}
  thrown in /var/www/html/orangehrm-5.6.1/src/vendor/symfony/http-foundation/RedirectResponse.php on line 86
[04-Mar-2025 10:09:26 UTC] PHP Fatal error:  Uncaught InvalidArgumentException: Cannot redirect to an empty URL. in /var/www/html/orangehrm-5.6.1/src/vendor/symfony/http-foundation/RedirectResponse.php:86
Stack trace:
#0 /var/www/html/orangehrm-5.6.1/src/vendor/symfony/http-foundation/RedirectResponse.php(39): Symfony\Component\HttpFoundation\RedirectResponse->setTargetUrl()
#1 /var/www/html/orangehrm-5.6.1/web/index.php(43): Symfony\Component\HttpFoundation\RedirectResponse->__construct()
#2 {main}
  thrown in /var/www/html/orangehrm-5.6.1/src/vendor/symfony/http-foundation/RedirectResponse.php on line 86
[04-Mar-2025 10:09:27 UTC] PHP Fatal error:  Uncaught InvalidArgumentException: Cannot redirect to an empty URL. in /var/www/html/orangehrm-5.6.1/src/vendor/symfony/http-foundation/RedirectResponse.php:86
Stack trace:
#0 /var/www/html/orangehrm-5.6.1/src/vendor/symfony/http-foundation/RedirectResponse.php(39): Symfony\Component\HttpFoundation\RedirectResponse->setTargetUrl()
#1 /var/www/html/orangehrm-5.6.1/web/index.php(43): Symfony\Component\HttpFoundation\RedirectResponse->__construct()
#2 {main}
  thrown in /var/www/html/orangehrm-5.6.1/src/vendor/symfony/http-foundation/RedirectResponse.php on line 86
[04-Mar-2025 10:09:28 UTC] PHP Fatal error:  Uncaught InvalidArgumentException: Cannot redirect to an empty URL. in /var/www/html/orangehrm-5.6.1/src/vendor/symfony/http-foundation/RedirectResponse.php:86
Stack trace:
#0 /var/www/html/orangehrm-5.6.1/src/vendor/symfony/http-foundation/RedirectResponse.php(39): Symfony\Component\HttpFoundation\RedirectResponse->setTargetUrl()
#1 /var/www/html/orangehrm-5.6.1/web/index.php(43): Symfony\Component\HttpFoundation\RedirectResponse->__construct()
#2 {main}
  thrown in /var/www/html/orangehrm-5.6.1/src/vendor/symfony/http-foundation/RedirectResponse.php on line 86
[04-Mar-2025 10:10:00 UTC] PHP Fatal error:  Uncaught InvalidArgumentException: Cannot redirect to an empty URL. in /var/www/html/orangehrm-5.6.1/src/vendor/symfony/http-foundation/RedirectResponse.php:86
Stack trace:
#0 /var/www/html/orangehrm-5.6.1/src/vendor/symfony/http-foundation/RedirectResponse.php(39): Symfony\Component\HttpFoundation\RedirectResponse->setTargetUrl()
#1 /var/www/html/orangehrm-5.6.1/web/index.php(43): Symfony\Component\HttpFoundation\RedirectResponse->__construct()
#2 {main}
  thrown in /var/www/html/orangehrm-5.6.1/src/vendor/symfony/http-foundation/RedirectResponse.php on line 86
[04-Mar-2025 10:10:00 UTC] PHP Fatal error:  Uncaught InvalidArgumentException: Cannot redirect to an empty URL. in /var/www/html/orangehrm-5.6.1/src/vendor/symfony/http-foundation/RedirectResponse.php:86
Stack trace:
#0 /var/www/html/orangehrm-5.6.1/src/vendor/symfony/http-foundation/RedirectResponse.php(39): Symfony\Component\HttpFoundation\RedirectResponse->setTargetUrl()
#1 /var/www/html/orangehrm-5.6.1/web/index.php(43): Symfony\Component\HttpFoundation\RedirectResponse->__construct()
#2 {main}
  thrown in /var/www/html/orangehrm-5.6.1/src/vendor/symfony/http-foundation/RedirectResponse.php on line 86
[04-Mar-2025 10:10:03 UTC] PHP Fatal error:  Uncaught InvalidArgumentException: Cannot redirect to an empty URL. in /var/www/html/orangehrm-5.6.1/src/vendor/symfony/http-foundation/RedirectResponse.php:86
Stack trace:
#0 /var/www/html/orangehrm-5.6.1/src/vendor/symfony/http-foundation/RedirectResponse.php(39): Symfony\Component\HttpFoundation\RedirectResponse->setTargetUrl()
#1 /var/www/html/orangehrm-5.6.1/web/index.php(43): Symfony\Component\HttpFoundation\RedirectResponse->__construct()
#2 {main}
  thrown in /var/www/html/orangehrm-5.6.1/src/vendor/symfony/http-foundation/RedirectResponse.php on line 86
[04-Mar-2025 10:10:03 UTC] PHP Fatal error:  Uncaught InvalidArgumentException: Cannot redirect to an empty URL. in /var/www/html/orangehrm-5.6.1/src/vendor/symfony/http-foundation/RedirectResponse.php:86
Stack trace:
#0 /var/www/html/orangehrm-5.6.1/src/vendor/symfony/http-foundation/RedirectResponse.php(39): Symfony\Component\HttpFoundation\RedirectResponse->setTargetUrl()
#1 /var/www/html/orangehrm-5.6.1/web/index.php(43): Symfony\Component\HttpFoundation\RedirectResponse->__construct()
#2 {main}
  thrown in /var/www/html/orangehrm-5.6.1/src/vendor/symfony/http-foundation/RedirectResponse.php on line 86
[04-Mar-2025 10:10:03 UTC] PHP Fatal error:  Uncaught InvalidArgumentException: Cannot redirect to an empty URL. in /var/www/html/orangehrm-5.6.1/src/vendor/symfony/http-foundation/RedirectResponse.php:86
Stack trace:
#0 /var/www/html/orangehrm-5.6.1/src/vendor/symfony/http-foundation/RedirectResponse.php(39): Symfony\Component\HttpFoundation\RedirectResponse->setTargetUrl()
#1 /var/www/html/orangehrm-5.6.1/web/index.php(43): Symfony\Component\HttpFoundation\RedirectResponse->__construct()
#2 {main}
  thrown in /var/www/html/orangehrm-5.6.1/src/vendor/symfony/http-foundation/RedirectResponse.php on line 86
[04-Mar-2025 10:10:03 UTC] PHP Fatal error:  Uncaught InvalidArgumentException: Cannot redirect to an empty URL. in /var/www/html/orangehrm-5.6.1/src/vendor/symfony/http-foundation/RedirectResponse.php:86
Stack trace:
#0 /var/www/html/orangehrm-5.6.1/src/vendor/symfony/http-foundation/RedirectResponse.php(39): Symfony\Component\HttpFoundation\RedirectResponse->setTargetUrl()
#1 /var/www/html/orangehrm-5.6.1/web/index.php(43): Symfony\Component\HttpFoundation\RedirectResponse->__construct()
#2 {main}
  thrown in /var/www/html/orangehrm-5.6.1/src/vendor/symfony/http-foundation/RedirectResponse.php on line 86
[04-Mar-2025 10:10:23 UTC] PHP Fatal error:  Uncaught InvalidArgumentException: Cannot redirect to an empty URL. in /var/www/html/orangehrm-5.6.1/src/vendor/symfony/http-foundation/RedirectResponse.php:86
Stack trace:
#0 /var/www/html/orangehrm-5.6.1/src/vendor/symfony/http-foundation/RedirectResponse.php(39): Symfony\Component\HttpFoundation\RedirectResponse->setTargetUrl()
#1 /var/www/html/orangehrm-5.6.1/web/index.php(43): Symfony\Component\HttpFoundation\RedirectResponse->__construct()
#2 {main}
  thrown in /var/www/html/orangehrm-5.6.1/src/vendor/symfony/http-foundation/RedirectResponse.php on line 86
[04-Mar-2025 10:10:31 UTC] PHP Fatal error:  Uncaught InvalidArgumentException: Cannot redirect to an empty URL. in /var/www/html/orangehrm-5.6.1/src/vendor/symfony/http-foundation/RedirectResponse.php:86
Stack trace:
#0 /var/www/html/orangehrm-5.6.1/src/vendor/symfony/http-foundation/RedirectResponse.php(39): Symfony\Component\HttpFoundation\RedirectResponse->setTargetUrl()
#1 /var/www/html/orangehrm-5.6.1/web/index.php(43): Symfony\Component\HttpFoundation\RedirectResponse->__construct()
#2 {main}
  thrown in /var/www/html/orangehrm-5.6.1/src/vendor/symfony/http-foundation/RedirectResponse.php on line 86
[04-Mar-2025 10:16:07 UTC] PHP Fatal error:  Uncaught InvalidArgumentException: Cannot redirect to an empty URL. in /var/www/html/orangehrm-5.6.1/src/vendor/symfony/http-foundation/RedirectResponse.php:86
Stack trace:
#0 /var/www/html/orangehrm-5.6.1/src/vendor/symfony/http-foundation/RedirectResponse.php(39): Symfony\Component\HttpFoundation\RedirectResponse->setTargetUrl()
#1 /var/www/html/orangehrm-5.6.1/web/index.php(43): Symfony\Component\HttpFoundation\RedirectResponse->__construct()
#2 {main}
  thrown in /var/www/html/orangehrm-5.6.1/src/vendor/symfony/http-foundation/RedirectResponse.php on line 86
[04-Mar-2025 10:16:09 UTC] PHP Fatal error:  Uncaught InvalidArgumentException: Cannot redirect to an empty URL. in /var/www/html/orangehrm-5.6.1/src/vendor/symfony/http-foundation/RedirectResponse.php:86
Stack trace:
#0 /var/www/html/orangehrm-5.6.1/src/vendor/symfony/http-foundation/RedirectResponse.php(39): Symfony\Component\HttpFoundation\RedirectResponse->setTargetUrl()
#1 /var/www/html/orangehrm-5.6.1/web/index.php(43): Symfony\Component\HttpFoundation\RedirectResponse->__construct()
#2 {main}
  thrown in /var/www/html/orangehrm-5.6.1/src/vendor/symfony/http-foundation/RedirectResponse.php on line 86
[04-Mar-2025 10:21:09 UTC] PHP Fatal error:  Uncaught InvalidArgumentException: Cannot redirect to an empty URL. in /var/www/html/orangehrm-5.6.1/src/vendor/symfony/http-foundation/RedirectResponse.php:86
Stack trace:
#0 /var/www/html/orangehrm-5.6.1/src/vendor/symfony/http-foundation/RedirectResponse.php(39): Symfony\Component\HttpFoundation\RedirectResponse->setTargetUrl()
#1 /var/www/html/orangehrm-5.6.1/web/index.php(43): Symfony\Component\HttpFoundation\RedirectResponse->__construct()
#2 {main}
  thrown in /var/www/html/orangehrm-5.6.1/src/vendor/symfony/http-foundation/RedirectResponse.php on line 86
[04-Mar-2025 10:21:10 UTC] PHP Fatal error:  Uncaught InvalidArgumentException: Cannot redirect to an empty URL. in /var/www/html/orangehrm-5.6.1/src/vendor/symfony/http-foundation/RedirectResponse.php:86
Stack trace:
#0 /var/www/html/orangehrm-5.6.1/src/vendor/symfony/http-foundation/RedirectResponse.php(39): Symfony\Component\HttpFoundation\RedirectResponse->setTargetUrl()
#1 /var/www/html/orangehrm-5.6.1/web/index.php(43): Symfony\Component\HttpFoundation\RedirectResponse->__construct()
#2 {main}
  thrown in /var/www/html/orangehrm-5.6.1/src/vendor/symfony/http-foundation/RedirectResponse.php on line 86
[04-Mar-2025 10:21:11 UTC] PHP Fatal error:  Uncaught InvalidArgumentException: Cannot redirect to an empty URL. in /var/www/html/orangehrm-5.6.1/src/vendor/symfony/http-foundation/RedirectResponse.php:86
Stack trace:
#0 /var/www/html/orangehrm-5.6.1/src/vendor/symfony/http-foundation/RedirectResponse.php(39): Symfony\Component\HttpFoundation\RedirectResponse->setTargetUrl()
#1 /var/www/html/orangehrm-5.6.1/web/index.php(43): Symfony\Component\HttpFoundation\RedirectResponse->__construct()
#2 {main}
  thrown in /var/www/html/orangehrm-5.6.1/src/vendor/symfony/http-foundation/RedirectResponse.php on line 86
[04-Mar-2025 10:21:15 UTC] PHP Fatal error:  Uncaught InvalidArgumentException: Cannot redirect to an empty URL. in /var/www/html/orangehrm-5.6.1/src/vendor/symfony/http-foundation/RedirectResponse.php:86
Stack trace:
#0 /var/www/html/orangehrm-5.6.1/src/vendor/symfony/http-foundation/RedirectResponse.php(39): Symfony\Component\HttpFoundation\RedirectResponse->setTargetUrl()
#1 /var/www/html/orangehrm-5.6.1/web/index.php(43): Symfony\Component\HttpFoundation\RedirectResponse->__construct()
#2 {main}
  thrown in /var/www/html/orangehrm-5.6.1/src/vendor/symfony/http-foundation/RedirectResponse.php on line 86
[04-Mar-2025 10:40:20 UTC] PHP Fatal error:  Uncaught InvalidArgumentException: Cannot redirect to an empty URL. in /var/www/html/orangehrm-5.6.1/src/vendor/symfony/http-foundation/RedirectResponse.php:86
Stack trace:
#0 /var/www/html/orangehrm-5.6.1/src/vendor/symfony/http-foundation/RedirectResponse.php(39): Symfony\Component\HttpFoundation\RedirectResponse->setTargetUrl()
#1 /var/www/html/orangehrm-5.6.1/web/index.php(43): Symfony\Component\HttpFoundation\RedirectResponse->__construct()
#2 {main}
  thrown in /var/www/html/orangehrm-5.6.1/src/vendor/symfony/http-foundation/RedirectResponse.php on line 86
[04-Mar-2025 10:49:35 UTC] PHP Fatal error:  Uncaught InvalidArgumentException: Cannot redirect to an empty URL. in /var/www/html/orangehrm-5.6.1/src/vendor/symfony/http-foundation/RedirectResponse.php:86
Stack trace:
#0 /var/www/html/orangehrm-5.6.1/src/vendor/symfony/http-foundation/RedirectResponse.php(39): Symfony\Component\HttpFoundation\RedirectResponse->setTargetUrl()
#1 /var/www/html/orangehrm-5.6.1/web/index.php(43): Symfony\Component\HttpFoundation\RedirectResponse->__construct()
#2 {main}
  thrown in /var/www/html/orangehrm-5.6.1/src/vendor/symfony/http-foundation/RedirectResponse.php on line 86
[04-Mar-2025 11:06:32 UTC] PHP Fatal error:  Uncaught InvalidArgumentException: Cannot redirect to an empty URL. in /var/www/html/orangehrm-5.6.1/src/vendor/symfony/http-foundation/RedirectResponse.php:86
Stack trace:
#0 /var/www/html/orangehrm-5.6.1/src/vendor/symfony/http-foundation/RedirectResponse.php(39): Symfony\Component\HttpFoundation\RedirectResponse->setTargetUrl()
#1 /var/www/html/orangehrm-5.6.1/web/index.php(43): Symfony\Component\HttpFoundation\RedirectResponse->__construct()
#2 {main}
  thrown in /var/www/html/orangehrm-5.6.1/src/vendor/symfony/http-foundation/RedirectResponse.php on line 86
[04-Mar-2025 11:06:32 UTC] PHP Fatal error:  Uncaught InvalidArgumentException: Cannot redirect to an empty URL. in /var/www/html/orangehrm-5.6.1/src/vendor/symfony/http-foundation/RedirectResponse.php:86
Stack trace:
#0 /var/www/html/orangehrm-5.6.1/src/vendor/symfony/http-foundation/RedirectResponse.php(39): Symfony\Component\HttpFoundation\RedirectResponse->setTargetUrl()
#1 /var/www/html/orangehrm-5.6.1/web/index.php(43): Symfony\Component\HttpFoundation\RedirectResponse->__construct()
#2 {main}
  thrown in /var/www/html/orangehrm-5.6.1/src/vendor/symfony/http-foundation/RedirectResponse.php on line 86
[04-Mar-2025 11:06:33 UTC] PHP Fatal error:  Uncaught InvalidArgumentException: Cannot redirect to an empty URL. in /var/www/html/orangehrm-5.6.1/src/vendor/symfony/http-foundation/RedirectResponse.php:86
Stack trace:
#0 /var/www/html/orangehrm-5.6.1/src/vendor/symfony/http-foundation/RedirectResponse.php(39): Symfony\Component\HttpFoundation\RedirectResponse->setTargetUrl()
#1 /var/www/html/orangehrm-5.6.1/web/index.php(43): Symfony\Component\HttpFoundation\RedirectResponse->__construct()
#2 {main}
  thrown in /var/www/html/orangehrm-5.6.1/src/vendor/symfony/http-foundation/RedirectResponse.php on line 86
[04-Mar-2025 11:06:33 UTC] PHP Fatal error:  Uncaught InvalidArgumentException: Cannot redirect to an empty URL. in /var/www/html/orangehrm-5.6.1/src/vendor/symfony/http-foundation/RedirectResponse.php:86
Stack trace:
#0 /var/www/html/orangehrm-5.6.1/src/vendor/symfony/http-foundation/RedirectResponse.php(39): Symfony\Component\HttpFoundation\RedirectResponse->setTargetUrl()
#1 /var/www/html/orangehrm-5.6.1/web/index.php(43): Symfony\Component\HttpFoundation\RedirectResponse->__construct()
#2 {main}
  thrown in /var/www/html/orangehrm-5.6.1/src/vendor/symfony/http-foundation/RedirectResponse.php on line 86
[04-Mar-2025 11:06:34 UTC] PHP Fatal error:  Uncaught InvalidArgumentException: Cannot redirect to an empty URL. in /var/www/html/orangehrm-5.6.1/src/vendor/symfony/http-foundation/RedirectResponse.php:86
Stack trace:
#0 /var/www/html/orangehrm-5.6.1/src/vendor/symfony/http-foundation/RedirectResponse.php(39): Symfony\Component\HttpFoundation\RedirectResponse->setTargetUrl()
#1 /var/www/html/orangehrm-5.6.1/web/index.php(43): Symfony\Component\HttpFoundation\RedirectResponse->__construct()
#2 {main}
  thrown in /var/www/html/orangehrm-5.6.1/src/vendor/symfony/http-foundation/RedirectResponse.php on line 86
[04-Mar-2025 11:06:34 UTC] PHP Fatal error:  Uncaught InvalidArgumentException: Cannot redirect to an empty URL. in /var/www/html/orangehrm-5.6.1/src/vendor/symfony/http-foundation/RedirectResponse.php:86
Stack trace:
#0 /var/www/html/orangehrm-5.6.1/src/vendor/symfony/http-foundation/RedirectResponse.php(39): Symfony\Component\HttpFoundation\RedirectResponse->setTargetUrl()
#1 /var/www/html/orangehrm-5.6.1/web/index.php(43): Symfony\Component\HttpFoundation\RedirectResponse->__construct()
#2 {main}
  thrown in /var/www/html/orangehrm-5.6.1/src/vendor/symfony/http-foundation/RedirectResponse.php on line 86
[04-Mar-2025 11:06:34 UTC] PHP Fatal error:  Uncaught InvalidArgumentException: Cannot redirect to an empty URL. in /var/www/html/orangehrm-5.6.1/src/vendor/symfony/http-foundation/RedirectResponse.php:86
Stack trace:
#0 /var/www/html/orangehrm-5.6.1/src/vendor/symfony/http-foundation/RedirectResponse.php(39): Symfony\Component\HttpFoundation\RedirectResponse->setTargetUrl()
#1 /var/www/html/orangehrm-5.6.1/web/index.php(43): Symfony\Component\HttpFoundation\RedirectResponse->__construct()
#2 {main}
  thrown in /var/www/html/orangehrm-5.6.1/src/vendor/symfony/http-foundation/RedirectResponse.php on line 86
[04-Mar-2025 11:06:35 UTC] PHP Fatal error:  Uncaught InvalidArgumentException: Cannot redirect to an empty URL. in /var/www/html/orangehrm-5.6.1/src/vendor/symfony/http-foundation/RedirectResponse.php:86
Stack trace:
#0 /var/www/html/orangehrm-5.6.1/src/vendor/symfony/http-foundation/RedirectResponse.php(39): Symfony\Component\HttpFoundation\RedirectResponse->setTargetUrl()
#1 /var/www/html/orangehrm-5.6.1/web/index.php(43): Symfony\Component\HttpFoundation\RedirectResponse->__construct()
#2 {main}
  thrown in /var/www/html/orangehrm-5.6.1/src/vendor/symfony/http-foundation/RedirectResponse.php on line 86
[04-Mar-2025 11:42:23 UTC] PHP Fatal error:  Uncaught InvalidArgumentException: Cannot redirect to an empty URL. in /var/www/html/orangehrm-5.6.1/src/vendor/symfony/http-foundation/RedirectResponse.php:86
Stack trace:
#0 /var/www/html/orangehrm-5.6.1/src/vendor/symfony/http-foundation/RedirectResponse.php(39): Symfony\Component\HttpFoundation\RedirectResponse->setTargetUrl()
#1 /var/www/html/orangehrm-5.6.1/web/index.php(43): Symfony\Component\HttpFoundation\RedirectResponse->__construct()
#2 {main}
  thrown in /var/www/html/orangehrm-5.6.1/src/vendor/symfony/http-foundation/RedirectResponse.php on line 86
[04-Mar-2025 11:42:24 UTC] PHP Fatal error:  Uncaught InvalidArgumentException: Cannot redirect to an empty URL. in /var/www/html/orangehrm-5.6.1/src/vendor/symfony/http-foundation/RedirectResponse.php:86
Stack trace:
#0 /var/www/html/orangehrm-5.6.1/src/vendor/symfony/http-foundation/RedirectResponse.php(39): Symfony\Component\HttpFoundation\RedirectResponse->setTargetUrl()
#1 /var/www/html/orangehrm-5.6.1/web/index.php(43): Symfony\Component\HttpFoundation\RedirectResponse->__construct()
#2 {main}
  thrown in /var/www/html/orangehrm-5.6.1/src/vendor/symfony/http-foundation/RedirectResponse.php on line 86
[04-Mar-2025 11:53:30 UTC] PHP Fatal error:  Uncaught InvalidArgumentException: Cannot redirect to an empty URL. in /var/www/html/orangehrm-5.6.1/src/vendor/symfony/http-foundation/RedirectResponse.php:86
Stack trace:
#0 /var/www/html/orangehrm-5.6.1/src/vendor/symfony/http-foundation/RedirectResponse.php(39): Symfony\Component\HttpFoundation\RedirectResponse->setTargetUrl()
#1 /var/www/html/orangehrm-5.6.1/web/index.php(43): Symfony\Component\HttpFoundation\RedirectResponse->__construct()
#2 {main}
  thrown in /var/www/html/orangehrm-5.6.1/src/vendor/symfony/http-foundation/RedirectResponse.php on line 86
[04-Mar-2025 11:59:36 UTC] PHP Fatal error:  Uncaught InvalidArgumentException: Cannot redirect to an empty URL. in /var/www/html/orangehrm-5.6.1/src/vendor/symfony/http-foundation/RedirectResponse.php:86
Stack trace:
#0 /var/www/html/orangehrm-5.6.1/src/vendor/symfony/http-foundation/RedirectResponse.php(39): Symfony\Component\HttpFoundation\RedirectResponse->setTargetUrl()
#1 /var/www/html/orangehrm-5.6.1/web/index.php(43): Symfony\Component\HttpFoundation\RedirectResponse->__construct()
#2 {main}
  thrown in /var/www/html/orangehrm-5.6.1/src/vendor/symfony/http-foundation/RedirectResponse.php on line 86
[04-Mar-2025 11:59:37 UTC] PHP Fatal error:  Uncaught InvalidArgumentException: Cannot redirect to an empty URL. in /var/www/html/orangehrm-5.6.1/src/vendor/symfony/http-foundation/RedirectResponse.php:86
Stack trace:
#0 /var/www/html/orangehrm-5.6.1/src/vendor/symfony/http-foundation/RedirectResponse.php(39): Symfony\Component\HttpFoundation\RedirectResponse->setTargetUrl()
#1 /var/www/html/orangehrm-5.6.1/web/index.php(43): Symfony\Component\HttpFoundation\RedirectResponse->__construct()
#2 {main}
  thrown in /var/www/html/orangehrm-5.6.1/src/vendor/symfony/http-foundation/RedirectResponse.php on line 86
[04-Mar-2025 11:59:38 UTC] PHP Fatal error:  Uncaught InvalidArgumentException: Cannot redirect to an empty URL. in /var/www/html/orangehrm-5.6.1/src/vendor/symfony/http-foundation/RedirectResponse.php:86
Stack trace:
#0 /var/www/html/orangehrm-5.6.1/src/vendor/symfony/http-foundation/RedirectResponse.php(39): Symfony\Component\HttpFoundation\RedirectResponse->setTargetUrl()
#1 /var/www/html/orangehrm-5.6.1/web/index.php(43): Symfony\Component\HttpFoundation\RedirectResponse->__construct()
#2 {main}
  thrown in /var/www/html/orangehrm-5.6.1/src/vendor/symfony/http-foundation/RedirectResponse.php on line 86
[04-Mar-2025 12:21:32 UTC] PHP Fatal error:  Uncaught InvalidArgumentException: Cannot redirect to an empty URL. in /var/www/html/orangehrm-5.6.1/src/vendor/symfony/http-foundation/RedirectResponse.php:86
Stack trace:
#0 /var/www/html/orangehrm-5.6.1/src/vendor/symfony/http-foundation/RedirectResponse.php(39): Symfony\Component\HttpFoundation\RedirectResponse->setTargetUrl()
#1 /var/www/html/orangehrm-5.6.1/web/index.php(43): Symfony\Component\HttpFoundation\RedirectResponse->__construct()
#2 {main}
  thrown in /var/www/html/orangehrm-5.6.1/src/vendor/symfony/http-foundation/RedirectResponse.php on line 86
[04-Mar-2025 12:24:36 UTC] PHP Fatal error:  Uncaught InvalidArgumentException: Cannot redirect to an empty URL. in /var/www/html/orangehrm-5.6.1/src/vendor/symfony/http-foundation/RedirectResponse.php:86
Stack trace:
#0 /var/www/html/orangehrm-5.6.1/src/vendor/symfony/http-foundation/RedirectResponse.php(39): Symfony\Component\HttpFoundation\RedirectResponse->setTargetUrl()
#1 /var/www/html/orangehrm-5.6.1/web/index.php(43): Symfony\Component\HttpFoundation\RedirectResponse->__construct()
#2 {main}
  thrown in /var/www/html/orangehrm-5.6.1/src/vendor/symfony/http-foundation/RedirectResponse.php on line 86
[04-Mar-2025 12:28:52 UTC] PHP Fatal error:  Uncaught InvalidArgumentException: Cannot redirect to an empty URL. in /var/www/html/orangehrm-5.6.1/src/vendor/symfony/http-foundation/RedirectResponse.php:86
Stack trace:
#0 /var/www/html/orangehrm-5.6.1/src/vendor/symfony/http-foundation/RedirectResponse.php(39): Symfony\Component\HttpFoundation\RedirectResponse->setTargetUrl()
#1 /var/www/html/orangehrm-5.6.1/web/index.php(43): Symfony\Component\HttpFoundation\RedirectResponse->__construct()
#2 {main}
  thrown in /var/www/html/orangehrm-5.6.1/src/vendor/symfony/http-foundation/RedirectResponse.php on line 86
[04-Mar-2025 12:28:52 UTC] PHP Fatal error:  Uncaught InvalidArgumentException: Cannot redirect to an empty URL. in /var/www/html/orangehrm-5.6.1/src/vendor/symfony/http-foundation/RedirectResponse.php:86
Stack trace:
#0 /var/www/html/orangehrm-5.6.1/src/vendor/symfony/http-foundation/RedirectResponse.php(39): Symfony\Component\HttpFoundation\RedirectResponse->setTargetUrl()
#1 /var/www/html/orangehrm-5.6.1/web/index.php(43): Symfony\Component\HttpFoundation\RedirectResponse->__construct()
#2 {main}
  thrown in /var/www/html/orangehrm-5.6.1/src/vendor/symfony/http-foundation/RedirectResponse.php on line 86
[04-Mar-2025 12:28:56 UTC] PHP Fatal error:  Uncaught InvalidArgumentException: Cannot redirect to an empty URL. in /var/www/html/orangehrm-5.6.1/src/vendor/symfony/http-foundation/RedirectResponse.php:86
Stack trace:
#0 /var/www/html/orangehrm-5.6.1/src/vendor/symfony/http-foundation/RedirectResponse.php(39): Symfony\Component\HttpFoundation\RedirectResponse->setTargetUrl()
#1 /var/www/html/orangehrm-5.6.1/web/index.php(43): Symfony\Component\HttpFoundation\RedirectResponse->__construct()
#2 {main}
  thrown in /var/www/html/orangehrm-5.6.1/src/vendor/symfony/http-foundation/RedirectResponse.php on line 86
[04-Mar-2025 12:32:41 UTC] PHP Fatal error:  Uncaught InvalidArgumentException: Cannot redirect to an empty URL. in /var/www/html/orangehrm-5.6.1/src/vendor/symfony/http-foundation/RedirectResponse.php:86
Stack trace:
#0 /var/www/html/orangehrm-5.6.1/src/vendor/symfony/http-foundation/RedirectResponse.php(39): Symfony\Component\HttpFoundation\RedirectResponse->setTargetUrl()
#1 /var/www/html/orangehrm-5.6.1/web/index.php(43): Symfony\Component\HttpFoundation\RedirectResponse->__construct()
#2 {main}
  thrown in /var/www/html/orangehrm-5.6.1/src/vendor/symfony/http-foundation/RedirectResponse.php on line 86
[04-Mar-2025 12:35:49 UTC] PHP Fatal error:  Uncaught InvalidArgumentException: Cannot redirect to an empty URL. in /var/www/html/orangehrm-5.6.1/src/vendor/symfony/http-foundation/RedirectResponse.php:86
Stack trace:
#0 /var/www/html/orangehrm-5.6.1/src/vendor/symfony/http-foundation/RedirectResponse.php(39): Symfony\Component\HttpFoundation\RedirectResponse->setTargetUrl()
#1 /var/www/html/orangehrm-5.6.1/web/index.php(43): Symfony\Component\HttpFoundation\RedirectResponse->__construct()
#2 {main}
  thrown in /var/www/html/orangehrm-5.6.1/src/vendor/symfony/http-foundation/RedirectResponse.php on line 86
[04-Mar-2025 12:35:50 UTC] PHP Fatal error:  Uncaught InvalidArgumentException: Cannot redirect to an empty URL. in /var/www/html/orangehrm-5.6.1/src/vendor/symfony/http-foundation/RedirectResponse.php:86
Stack trace:
#0 /var/www/html/orangehrm-5.6.1/src/vendor/symfony/http-foundation/RedirectResponse.php(39): Symfony\Component\HttpFoundation\RedirectResponse->setTargetUrl()
#1 /var/www/html/orangehrm-5.6.1/web/index.php(43): Symfony\Component\HttpFoundation\RedirectResponse->__construct()
#2 {main}
  thrown in /var/www/html/orangehrm-5.6.1/src/vendor/symfony/http-foundation/RedirectResponse.php on line 86
[04-Mar-2025 12:35:51 UTC] PHP Fatal error:  Uncaught InvalidArgumentException: Cannot redirect to an empty URL. in /var/www/html/orangehrm-5.6.1/src/vendor/symfony/http-foundation/RedirectResponse.php:86
Stack trace:
#0 /var/www/html/orangehrm-5.6.1/src/vendor/symfony/http-foundation/RedirectResponse.php(39): Symfony\Component\HttpFoundation\RedirectResponse->setTargetUrl()
#1 /var/www/html/orangehrm-5.6.1/web/index.php(43): Symfony\Component\HttpFoundation\RedirectResponse->__construct()
#2 {main}
  thrown in /var/www/html/orangehrm-5.6.1/src/vendor/symfony/http-foundation/RedirectResponse.php on line 86
[04-Mar-2025 12:35:55 UTC] PHP Fatal error:  Uncaught InvalidArgumentException: Cannot redirect to an empty URL. in /var/www/html/orangehrm-5.6.1/src/vendor/symfony/http-foundation/RedirectResponse.php:86
Stack trace:
#0 /var/www/html/orangehrm-5.6.1/src/vendor/symfony/http-foundation/RedirectResponse.php(39): Symfony\Component\HttpFoundation\RedirectResponse->setTargetUrl()
#1 /var/www/html/orangehrm-5.6.1/web/index.php(43): Symfony\Component\HttpFoundation\RedirectResponse->__construct()
#2 {main}
  thrown in /var/www/html/orangehrm-5.6.1/src/vendor/symfony/http-foundation/RedirectResponse.php on line 86
[04-Mar-2025 12:35:56 UTC] PHP Fatal error:  Uncaught InvalidArgumentException: Cannot redirect to an empty URL. in /var/www/html/orangehrm-5.6.1/src/vendor/symfony/http-foundation/RedirectResponse.php:86
Stack trace:
#0 /var/www/html/orangehrm-5.6.1/src/vendor/symfony/http-foundation/RedirectResponse.php(39): Symfony\Component\HttpFoundation\RedirectResponse->setTargetUrl()
#1 /var/www/html/orangehrm-5.6.1/web/index.php(43): Symfony\Component\HttpFoundation\RedirectResponse->__construct()
#2 {main}
  thrown in /var/www/html/orangehrm-5.6.1/src/vendor/symfony/http-foundation/RedirectResponse.php on line 86
[04-Mar-2025 14:12:15 UTC] PHP Fatal error:  Uncaught Error: Class ".CorePluginConfiguration.swp" not found in /var/www/html/orangehrm-5.6.1/src/lib/framework/Framework.php:136
Stack trace:
#0 /var/www/html/orangehrm-5.6.1/src/lib/framework/Framework.php(154): OrangeHRM\Framework\Framework->configurePlugins()
#1 /var/www/html/orangehrm-5.6.1/web/index.php(41): OrangeHRM\Framework\Framework->handleRequest()
#2 {main}
  thrown in /var/www/html/orangehrm-5.6.1/src/lib/framework/Framework.php on line 136
[04-Mar-2025 14:12:24 UTC] PHP Fatal error:  Uncaught Error: Class ".CorePluginConfiguration.swp" not found in /var/www/html/orangehrm-5.6.1/src/lib/framework/Framework.php:136
Stack trace:
#0 /var/www/html/orangehrm-5.6.1/src/lib/framework/Framework.php(154): OrangeHRM\Framework\Framework->configurePlugins()
#1 /var/www/html/orangehrm-5.6.1/web/index.php(41): OrangeHRM\Framework\Framework->handleRequest()
#2 {main}
  thrown in /var/www/html/orangehrm-5.6.1/src/lib/framework/Framework.php on line 136
[04-Mar-2025 14:12:41 UTC] PHP Fatal error:  Uncaught Error: Class ".CorePluginConfiguration.swp" not found in /var/www/html/orangehrm-5.6.1/src/lib/framework/Framework.php:136
Stack trace:
#0 /var/www/html/orangehrm-5.6.1/src/lib/framework/Framework.php(154): OrangeHRM\Framework\Framework->configurePlugins()
#1 /var/www/html/orangehrm-5.6.1/web/index.php(41): OrangeHRM\Framework\Framework->handleRequest()
#2 {main}
  thrown in /var/www/html/orangehrm-5.6.1/src/lib/framework/Framework.php on line 136
[04-Mar-2025 14:12:43 UTC] PHP Fatal error:  Uncaught Error: Class ".CorePluginConfiguration.swp" not found in /var/www/html/orangehrm-5.6.1/src/lib/framework/Framework.php:136
Stack trace:
#0 /var/www/html/orangehrm-5.6.1/src/lib/framework/Framework.php(154): OrangeHRM\Framework\Framework->configurePlugins()
#1 /var/www/html/orangehrm-5.6.1/web/index.php(41): OrangeHRM\Framework\Framework->handleRequest()
#2 {main}
  thrown in /var/www/html/orangehrm-5.6.1/src/lib/framework/Framework.php on line 136
[04-Mar-2025 14:12:47 UTC] PHP Fatal error:  Uncaught Error: Class ".CorePluginConfiguration.swp" not found in /var/www/html/orangehrm-5.6.1/src/lib/framework/Framework.php:136
Stack trace:
#0 /var/www/html/orangehrm-5.6.1/src/lib/framework/Framework.php(154): OrangeHRM\Framework\Framework->configurePlugins()
#1 /var/www/html/orangehrm-5.6.1/web/index.php(41): OrangeHRM\Framework\Framework->handleRequest()
#2 {main}
  thrown in /var/www/html/orangehrm-5.6.1/src/lib/framework/Framework.php on line 136
[04-Mar-2025 14:12:48 UTC] PHP Fatal error:  Uncaught Error: Class ".CorePluginConfiguration.swp" not found in /var/www/html/orangehrm-5.6.1/src/lib/framework/Framework.php:136
Stack trace:
#0 /var/www/html/orangehrm-5.6.1/src/lib/framework/Framework.php(154): OrangeHRM\Framework\Framework->configurePlugins()
#1 /var/www/html/orangehrm-5.6.1/web/index.php(41): OrangeHRM\Framework\Framework->handleRequest()
#2 {main}
  thrown in /var/www/html/orangehrm-5.6.1/src/lib/framework/Framework.php on line 136
[04-Mar-2025 14:12:48 UTC] PHP Fatal error:  Uncaught Error: Class ".CorePluginConfiguration.swp" not found in /var/www/html/orangehrm-5.6.1/src/lib/framework/Framework.php:136
Stack trace:
#0 /var/www/html/orangehrm-5.6.1/src/lib/framework/Framework.php(154): OrangeHRM\Framework\Framework->configurePlugins()
#1 /var/www/html/orangehrm-5.6.1/web/index.php(41): OrangeHRM\Framework\Framework->handleRequest()
#2 {main}
  thrown in /var/www/html/orangehrm-5.6.1/src/lib/framework/Framework.php on line 136
[04-Mar-2025 14:12:49 UTC] PHP Fatal error:  Uncaught Error: Class ".CorePluginConfiguration.swp" not found in /var/www/html/orangehrm-5.6.1/src/lib/framework/Framework.php:136
Stack trace:
#0 /var/www/html/orangehrm-5.6.1/src/lib/framework/Framework.php(154): OrangeHRM\Framework\Framework->configurePlugins()
#1 /var/www/html/orangehrm-5.6.1/web/index.php(41): OrangeHRM\Framework\Framework->handleRequest()
#2 {main}
  thrown in /var/www/html/orangehrm-5.6.1/src/lib/framework/Framework.php on line 136
[04-Mar-2025 14:12:50 UTC] PHP Fatal error:  Uncaught Error: Class ".CorePluginConfiguration.swp" not found in /var/www/html/orangehrm-5.6.1/src/lib/framework/Framework.php:136
Stack trace:
#0 /var/www/html/orangehrm-5.6.1/src/lib/framework/Framework.php(154): OrangeHRM\Framework\Framework->configurePlugins()
#1 /var/www/html/orangehrm-5.6.1/web/index.php(41): OrangeHRM\Framework\Framework->handleRequest()
#2 {main}
  thrown in /var/www/html/orangehrm-5.6.1/src/lib/framework/Framework.php on line 136
[04-Mar-2025 14:12:50 UTC] PHP Fatal error:  Uncaught Error: Class ".CorePluginConfiguration.swp" not found in /var/www/html/orangehrm-5.6.1/src/lib/framework/Framework.php:136
Stack trace:
#0 /var/www/html/orangehrm-5.6.1/src/lib/framework/Framework.php(154): OrangeHRM\Framework\Framework->configurePlugins()
#1 /var/www/html/orangehrm-5.6.1/web/index.php(41): OrangeHRM\Framework\Framework->handleRequest()
#2 {main}
  thrown in /var/www/html/orangehrm-5.6.1/src/lib/framework/Framework.php on line 136
[04-Mar-2025 14:12:52 UTC] PHP Fatal error:  Uncaught Error: Class ".CorePluginConfiguration.swp" not found in /var/www/html/orangehrm-5.6.1/src/lib/framework/Framework.php:136
Stack trace:
#0 /var/www/html/orangehrm-5.6.1/src/lib/framework/Framework.php(154): OrangeHRM\Framework\Framework->configurePlugins()
#1 /var/www/html/orangehrm-5.6.1/web/index.php(41): OrangeHRM\Framework\Framework->handleRequest()
#2 {main}
  thrown in /var/www/html/orangehrm-5.6.1/src/lib/framework/Framework.php on line 136
[04-Mar-2025 14:12:52 UTC] PHP Fatal error:  Uncaught Error: Class ".CorePluginConfiguration.swp" not found in /var/www/html/orangehrm-5.6.1/src/lib/framework/Framework.php:136
Stack trace:
#0 /var/www/html/orangehrm-5.6.1/src/lib/framework/Framework.php(154): OrangeHRM\Framework\Framework->configurePlugins()
#1 /var/www/html/orangehrm-5.6.1/web/index.php(41): OrangeHRM\Framework\Framework->handleRequest()
#2 {main}
  thrown in /var/www/html/orangehrm-5.6.1/src/lib/framework/Framework.php on line 136
[04-Mar-2025 14:12:52 UTC] PHP Fatal error:  Uncaught Error: Class ".CorePluginConfiguration.swp" not found in /var/www/html/orangehrm-5.6.1/src/lib/framework/Framework.php:136
Stack trace:
#0 /var/www/html/orangehrm-5.6.1/src/lib/framework/Framework.php(154): OrangeHRM\Framework\Framework->configurePlugins()
#1 /var/www/html/orangehrm-5.6.1/web/index.php(41): OrangeHRM\Framework\Framework->handleRequest()
#2 {main}
  thrown in /var/www/html/orangehrm-5.6.1/src/lib/framework/Framework.php on line 136
[04-Mar-2025 14:12:52 UTC] PHP Fatal error:  Uncaught Error: Class ".CorePluginConfiguration.swp" not found in /var/www/html/orangehrm-5.6.1/src/lib/framework/Framework.php:136
Stack trace:
#0 /var/www/html/orangehrm-5.6.1/src/lib/framework/Framework.php(154): OrangeHRM\Framework\Framework->configurePlugins()
#1 /var/www/html/orangehrm-5.6.1/web/index.php(41): OrangeHRM\Framework\Framework->handleRequest()
#2 {main}
  thrown in /var/www/html/orangehrm-5.6.1/src/lib/framework/Framework.php on line 136
[04-Mar-2025 14:12:52 UTC] PHP Fatal error:  Uncaught Error: Class ".CorePluginConfiguration.swp" not found in /var/www/html/orangehrm-5.6.1/src/lib/framework/Framework.php:136
Stack trace:
#0 /var/www/html/orangehrm-5.6.1/src/lib/framework/Framework.php(154): OrangeHRM\Framework\Framework->configurePlugins()
#1 /var/www/html/orangehrm-5.6.1/web/index.php(41): OrangeHRM\Framework\Framework->handleRequest()
#2 {main}
  thrown in /var/www/html/orangehrm-5.6.1/src/lib/framework/Framework.php on line 136
[04-Mar-2025 14:12:52 UTC] PHP Fatal error:  Uncaught Error: Class ".CorePluginConfiguration.swp" not found in /var/www/html/orangehrm-5.6.1/src/lib/framework/Framework.php:136
Stack trace:
#0 /var/www/html/orangehrm-5.6.1/src/lib/framework/Framework.php(154): OrangeHRM\Framework\Framework->configurePlugins()
#1 /var/www/html/orangehrm-5.6.1/web/index.php(41): OrangeHRM\Framework\Framework->handleRequest()
#2 {main}
  thrown in /var/www/html/orangehrm-5.6.1/src/lib/framework/Framework.php on line 136
[04-Mar-2025 14:12:52 UTC] PHP Fatal error:  Uncaught Error: Class ".CorePluginConfiguration.swp" not found in /var/www/html/orangehrm-5.6.1/src/lib/framework/Framework.php:136
Stack trace:
#0 /var/www/html/orangehrm-5.6.1/src/lib/framework/Framework.php(154): OrangeHRM\Framework\Framework->configurePlugins()
#1 /var/www/html/orangehrm-5.6.1/web/index.php(41): OrangeHRM\Framework\Framework->handleRequest()
#2 {main}
  thrown in /var/www/html/orangehrm-5.6.1/src/lib/framework/Framework.php on line 136
[04-Mar-2025 14:12:52 UTC] PHP Fatal error:  Uncaught Error: Class ".CorePluginConfiguration.swp" not found in /var/www/html/orangehrm-5.6.1/src/lib/framework/Framework.php:136
Stack trace:
#0 /var/www/html/orangehrm-5.6.1/src/lib/framework/Framework.php(154): OrangeHRM\Framework\Framework->configurePlugins()
#1 /var/www/html/orangehrm-5.6.1/web/index.php(41): OrangeHRM\Framework\Framework->handleRequest()
#2 {main}
  thrown in /var/www/html/orangehrm-5.6.1/src/lib/framework/Framework.php on line 136
[04-Mar-2025 14:12:52 UTC] PHP Fatal error:  Uncaught Error: Class ".CorePluginConfiguration.swp" not found in /var/www/html/orangehrm-5.6.1/src/lib/framework/Framework.php:136
Stack trace:
#0 /var/www/html/orangehrm-5.6.1/src/lib/framework/Framework.php(154): OrangeHRM\Framework\Framework->configurePlugins()
#1 /var/www/html/orangehrm-5.6.1/web/index.php(41): OrangeHRM\Framework\Framework->handleRequest()
#2 {main}
  thrown in /var/www/html/orangehrm-5.6.1/src/lib/framework/Framework.php on line 136
[04-Mar-2025 14:12:52 UTC] PHP Fatal error:  Uncaught Error: Class ".CorePluginConfiguration.swp" not found in /var/www/html/orangehrm-5.6.1/src/lib/framework/Framework.php:136
Stack trace:
#0 /var/www/html/orangehrm-5.6.1/src/lib/framework/Framework.php(154): OrangeHRM\Framework\Framework->configurePlugins()
#1 /var/www/html/orangehrm-5.6.1/web/index.php(41): OrangeHRM\Framework\Framework->handleRequest()
#2 {main}
  thrown in /var/www/html/orangehrm-5.6.1/src/lib/framework/Framework.php on line 136
[04-Mar-2025 14:12:52 UTC] PHP Fatal error:  Uncaught Error: Class ".CorePluginConfiguration.swp" not found in /var/www/html/orangehrm-5.6.1/src/lib/framework/Framework.php:136
Stack trace:
#0 /var/www/html/orangehrm-5.6.1/src/lib/framework/Framework.php(154): OrangeHRM\Framework\Framework->configurePlugins()
#1 /var/www/html/orangehrm-5.6.1/web/index.php(41): OrangeHRM\Framework\Framework->handleRequest()
#2 {main}
  thrown in /var/www/html/orangehrm-5.6.1/src/lib/framework/Framework.php on line 136
[04-Mar-2025 14:19:16 UTC] PHP Fatal error:  Uncaught PDOException: SQLSTATE[HY000] [2002] No such file or directory in /var/www/html/orangehrm-5.6.1/src/vendor/doctrine/dbal/src/Driver/PDO/MySQL/Driver.php:33
Stack trace:
#0 /var/www/html/orangehrm-5.6.1/src/vendor/doctrine/dbal/src/Driver/PDO/MySQL/Driver.php(33): PDO->__construct()
#1 /var/www/html/orangehrm-5.6.1/src/vendor/doctrine/dbal/src/Connection.php(378): Doctrine\DBAL\Driver\PDO\MySQL\Driver->connect()
#2 /var/www/html/orangehrm-5.6.1/src/vendor/doctrine/dbal/src/Connection.php(453): Doctrine\DBAL\Connection->connect()
#3 /var/www/html/orangehrm-5.6.1/src/vendor/doctrine/dbal/src/Connection.php(411): Doctrine\DBAL\Connection->getDatabasePlatformVersion()
#4 /var/www/html/orangehrm-5.6.1/src/vendor/doctrine/dbal/src/Connection.php(318): Doctrine\DBAL\Connection->detectDatabasePlatform()
#5 /var/www/html/orangehrm-5.6.1/src/lib/orm/Doctrine.php(90): Doctrine\DBAL\Connection->getDatabasePlatform()
#6 /var/www/html/orangehrm-5.6.1/src/lib/orm/Doctrine.php(130): OrangeHRM\ORM\Doctrine->__construct()
#7 /var/www/html/orangehrm-5.6.1/src/lib/orm/Doctrine.php(140): OrangeHRM\ORM\Doctrine::getInstance()
#8 /var/www/html/orangehrm-5.6.1/src/vendor/symfony/dependency-injection/ContainerBuilder.php(1097): OrangeHRM\ORM\Doctrine::getEntityManager()
#9 /var/www/html/orangehrm-5.6.1/src/vendor/symfony/dependency-injection/ContainerBuilder.php(608): Symfony\Component\DependencyInjection\ContainerBuilder->createService()
#10 /var/www/html/orangehrm-5.6.1/src/vendor/symfony/dependency-injection/ContainerBuilder.php(553): Symfony\Component\DependencyInjection\ContainerBuilder->doGet()
#11 /var/www/html/orangehrm-5.6.1/src/plugins/orangehrmCorePlugin/Traits/ORM/EntityManagerTrait.php(33): Symfony\Component\DependencyInjection\ContainerBuilder->get()
#12 /var/www/html/orangehrm-5.6.1/src/plugins/orangehrmCorePlugin/Traits/ORM/EntityManagerHelperTrait.php(41): OrangeHRM\Core\Dao\BaseDao->getEntityManager()
#13 /var/www/html/orangehrm-5.6.1/src/plugins/orangehrmCorePlugin/Dao/ConfigDao.php(53): OrangeHRM\Core\Dao\BaseDao->getRepository()
#14 /var/www/html/orangehrm-5.6.1/src/plugins/orangehrmCorePlugin/Service/ConfigService.php(150): OrangeHRM\Core\Dao\ConfigDao->getValue()
#15 /var/www/html/orangehrm-5.6.1/src/plugins/orangehrmCorePlugin/Service/ConfigService.php(428): OrangeHRM\Core\Service\ConfigService->_getConfigValue()
#16 /var/www/html/orangehrm-5.6.1/src/plugins/orangehrmCorePlugin/config/CorePluginConfiguration.php(109): OrangeHRM\Core\Service\ConfigService->getInstanceIdentifier()
#17 /var/www/html/orangehrm-5.6.1/src/plugins/orangehrmCorePlugin/config/CorePluginConfiguration.php(91): CorePluginConfiguration->registerCoreSubscribers()
#18 /var/www/html/orangehrm-5.6.1/src/lib/framework/Framework.php(137): CorePluginConfiguration->initialize()
#19 /var/www/html/orangehrm-5.6.1/src/lib/framework/Framework.php(154): OrangeHRM\Framework\Framework->configurePlugins()
#20 /var/www/html/orangehrm-5.6.1/web/index.php(41): OrangeHRM\Framework\Framework->handleRequest()
#21 {main}

Next Doctrine\DBAL\Driver\PDO\Exception: SQLSTATE[HY000] [2002] No such file or directory in /var/www/html/orangehrm-5.6.1/src/vendor/doctrine/dbal/src/Driver/PDO/Exception.php:28
Stack trace:
#0 /var/www/html/orangehrm-5.6.1/src/vendor/doctrine/dbal/src/Driver/PDO/MySQL/Driver.php(40): Doctrine\DBAL\Driver\PDO\Exception::new()
#1 /var/www/html/orangehrm-5.6.1/src/vendor/doctrine/dbal/src/Connection.php(378): Doctrine\DBAL\Driver\PDO\MySQL\Driver->connect()
#2 /var/www/html/orangehrm-5.6.1/src/vendor/doctrine/dbal/src/Connection.php(453): Doctrine\DBAL\Connection->connect()
#3 /var/www/html/orangehrm-5.6.1/src/vendor/doctrine/dbal/src/Connection.php(411): Doctrine\DBAL\Connection->getDatabasePlatformVersion()
#4 /var/www/html/orangehrm-5.6.1/src/vendor/doctrine/dbal/src/Connection.php(318): Doctrine\DBAL\Connection->detectDatabasePlatform()
#5 /var/www/html/orangehrm-5.6.1/src/lib/orm/Doctrine.php(90): Doctrine\DBAL\Connection->getDatabasePlatform()
#6 /var/www/html/orangehrm-5.6.1/src/lib/orm/Doctrine.php(130): OrangeHRM\ORM\Doctrine->__construct()
#7 /var/www/html/orangehrm-5.6.1/src/lib/orm/Doctrine.php(140): OrangeHRM\ORM\Doctrine::getInstance()
#8 /var/www/html/orangehrm-5.6.1/src/vendor/symfony/dependency-injection/ContainerBuilder.php(1097): OrangeHRM\ORM\Doctrine::getEntityManager()
#9 /var/www/html/orangehrm-5.6.1/src/vendor/symfony/dependency-injection/ContainerBuilder.php(608): Symfony\Component\DependencyInjection\ContainerBuilder->createService()
#10 /var/www/html/orangehrm-5.6.1/src/vendor/symfony/dependency-injection/ContainerBuilder.php(553): Symfony\Component\DependencyInjection\ContainerBuilder->doGet()
#11 /var/www/html/orangehrm-5.6.1/src/plugins/orangehrmCorePlugin/Traits/ORM/EntityManagerTrait.php(33): Symfony\Component\DependencyInjection\ContainerBuilder->get()
#12 /var/www/html/orangehrm-5.6.1/src/plugins/orangehrmCorePlugin/Traits/ORM/EntityManagerHelperTrait.php(41): OrangeHRM\Core\Dao\BaseDao->getEntityManager()
#13 /var/www/html/orangehrm-5.6.1/src/plugins/orangehrmCorePlugin/Dao/ConfigDao.php(53): OrangeHRM\Core\Dao\BaseDao->getRepository()
#14 /var/www/html/orangehrm-5.6.1/src/plugins/orangehrmCorePlugin/Service/ConfigService.php(150): OrangeHRM\Core\Dao\ConfigDao->getValue()
#15 /var/www/html/orangehrm-5.6.1/src/plugins/orangehrmCorePlugin/Service/ConfigService.php(428): OrangeHRM\Core\Service\ConfigService->_getConfigValue()
#16 /var/www/html/orangehrm-5.6.1/src/plugins/orangehrmCorePlugin/config/CorePluginConfiguration.php(109): OrangeHRM\Core\Service\ConfigService->getInstanceIdentifier()
#17 /var/www/html/orangehrm-5.6.1/src/plugins/orangehrmCorePlugin/config/CorePluginConfiguration.php(91): CorePluginConfiguration->registerCoreSubscribers()
#18 /var/www/html/orangehrm-5.6.1/src/lib/framework/Framework.php(137): CorePluginConfiguration->initialize()
#19 /var/www/html/orangehrm-5.6.1/src/lib/framework/Framework.php(154): OrangeHRM\Framework\Framework->configurePlugins()
#20 /var/www/html/orangehrm-5.6.1/web/index.php(41): OrangeHRM\Framework\Framework->handleRequest()
#21 {main}

Next Doctrine\DBAL\Exception\ConnectionException: An exception occurred in the driver: SQLSTATE[HY000] [2002] No such file or directory in /var/www/html/orangehrm-5.6.1/src/vendor/doctrine/dbal/src/Driver/API/MySQL/ExceptionConverter.php:101
Stack trace:
#0 /var/www/html/orangehrm-5.6.1/src/vendor/doctrine/dbal/src/Connection.php(1943): Doctrine\DBAL\Driver\API\MySQL\ExceptionConverter->convert()
#1 /var/www/html/orangehrm-5.6.1/src/vendor/doctrine/dbal/src/Connection.php(1891): Doctrine\DBAL\Connection->handleDriverException()
#2 /var/www/html/orangehrm-5.6.1/src/vendor/doctrine/dbal/src/Connection.php(380): Doctrine\DBAL\Connection->convertException()
#3 /var/www/html/orangehrm-5.6.1/src/vendor/doctrine/dbal/src/Connection.php(453): Doctrine\DBAL\Connection->connect()
#4 /var/www/html/orangehrm-5.6.1/src/vendor/doctrine/dbal/src/Connection.php(411): Doctrine\DBAL\Connection->getDatabasePlatformVersion()
#5 /var/www/html/orangehrm-5.6.1/src/vendor/doctrine/dbal/src/Connection.php(318): Doctrine\DBAL\Connection->detectDatabasePlatform()
#6 /var/www/html/orangehrm-5.6.1/src/lib/orm/Doctrine.php(90): Doctrine\DBAL\Connection->getDatabasePlatform()
#7 /var/www/html/orangehrm-5.6.1/src/lib/orm/Doctrine.php(130): OrangeHRM\ORM\Doctrine->__construct()
#8 /var/www/html/orangehrm-5.6.1/src/lib/orm/Doctrine.php(140): OrangeHRM\ORM\Doctrine::getInstance()
#9 /var/www/html/orangehrm-5.6.1/src/vendor/symfony/dependency-injection/ContainerBuilder.php(1097): OrangeHRM\ORM\Doctrine::getEntityManager()
#10 /var/www/html/orangehrm-5.6.1/src/vendor/symfony/dependency-injection/ContainerBuilder.php(608): Symfony\Component\DependencyInjection\ContainerBuilder->createService()
#11 /var/www/html/orangehrm-5.6.1/src/vendor/symfony/dependency-injection/ContainerBuilder.php(553): Symfony\Component\DependencyInjection\ContainerBuilder->doGet()
#12 /var/www/html/orangehrm-5.6.1/src/plugins/orangehrmCorePlugin/Traits/ORM/EntityManagerTrait.php(33): Symfony\Component\DependencyInjection\ContainerBuilder->get()
#13 /var/www/html/orangehrm-5.6.1/src/plugins/orangehrmCorePlugin/Traits/ORM/EntityManagerHelperTrait.php(41): OrangeHRM\Core\Dao\BaseDao->getEntityManager()
#14 /var/www/html/orangehrm-5.6.1/src/plugins/orangehrmCorePlugin/Dao/ConfigDao.php(53): OrangeHRM\Core\Dao\BaseDao->getRepository()
#15 /var/www/html/orangehrm-5.6.1/src/plugins/orangehrmCorePlugin/Service/ConfigService.php(150): OrangeHRM\Core\Dao\ConfigDao->getValue()
#16 /var/www/html/orangehrm-5.6.1/src/plugins/orangehrmCorePlugin/Service/ConfigService.php(428): OrangeHRM\Core\Service\ConfigService->_getConfigValue()
#17 /var/www/html/orangehrm-5.6.1/src/plugins/orangehrmCorePlugin/config/CorePluginConfiguration.php(109): OrangeHRM\Core\Service\ConfigService->getInstanceIdentifier()
#18 /var/www/html/orangehrm-5.6.1/src/plugins/orangehrmCorePlugin/config/CorePluginConfiguration.php(91): CorePluginConfiguration->registerCoreSubscribers()
#19 /var/www/html/orangehrm-5.6.1/src/lib/framework/Framework.php(137): CorePluginConfiguration->initialize()
#20 /var/www/html/orangehrm-5.6.1/src/lib/framework/Framework.php(154): OrangeHRM\Framework\Framework->configurePlugins()
#21 /var/www/html/orangehrm-5.6.1/web/index.php(41): OrangeHRM\Framework\Framework->handleRequest()
#22 {main}
  thrown in /var/www/html/orangehrm-5.6.1/src/vendor/doctrine/dbal/src/Driver/API/MySQL/ExceptionConverter.php on line 101
[2025-03-04T14:26:58.243819+00:00] orangehrm.ERROR: No route found for "GET http://hris.cohere.ph/pim/api/v2/core/validation/unique" (from "http://hris.cohere.ph/pim/addEmployee") [] []
[2025-03-04T14:26:58.247230+00:00] orangehrm.ERROR: #0 /var/www/html/orangehrm-5.6.1/src/vendor/symfony/event-dispatcher/EventDispatcher.php(230): Symfony\Component\HttpKernel\EventListener\RouterListener->onKernelRequest() #1 /var/www/html/orangehrm-5.6.1/src/vendor/symfony/event-dispatcher/EventDispatcher.php(59): Symfony\Component\EventDispatcher\EventDispatcher->callListeners() #2 /var/www/html/orangehrm-5.6.1/src/vendor/symfony/http-kernel/HttpKernel.php(139): Symfony\Component\EventDispatcher\EventDispatcher->dispatch() #3 /var/www/html/orangehrm-5.6.1/src/vendor/symfony/http-kernel/HttpKernel.php(75): Symfony\Component\HttpKernel\HttpKernel->handleRaw() #4 /var/www/html/orangehrm-5.6.1/src/lib/framework/Framework.php(156): Symfony\Component\HttpKernel\HttpKernel->handle() #5 /var/www/html/orangehrm-5.6.1/web/index.php(41): OrangeHRM\Framework\Framework->handleRequest() #6 {main} [] []
[2025-03-04T14:27:07.554274+00:00] orangehrm.ERROR: No route found for "GET http://hris.cohere.ph/pim/api/v2/core/validation/unique" (from "http://hris.cohere.ph/pim/addEmployee") [] []
[2025-03-04T14:27:07.554536+00:00] orangehrm.ERROR: #0 /var/www/html/orangehrm-5.6.1/src/vendor/symfony/event-dispatcher/EventDispatcher.php(230): Symfony\Component\HttpKernel\EventListener\RouterListener->onKernelRequest() #1 /var/www/html/orangehrm-5.6.1/src/vendor/symfony/event-dispatcher/EventDispatcher.php(59): Symfony\Component\EventDispatcher\EventDispatcher->callListeners() #2 /var/www/html/orangehrm-5.6.1/src/vendor/symfony/http-kernel/HttpKernel.php(139): Symfony\Component\EventDispatcher\EventDispatcher->dispatch() #3 /var/www/html/orangehrm-5.6.1/src/vendor/symfony/http-kernel/HttpKernel.php(75): Symfony\Component\HttpKernel\HttpKernel->handleRaw() #4 /var/www/html/orangehrm-5.6.1/src/lib/framework/Framework.php(156): Symfony\Component\HttpKernel\HttpKernel->handle() #5 /var/www/html/orangehrm-5.6.1/web/index.php(41): OrangeHRM\Framework\Framework->handleRequest() #6 {main} [] []
[2025-03-04T14:27:07.584418+00:00] orangehrm.ERROR: No route found for "GET http://hris.cohere.ph/pim/api/v2/core/validation/unique" (from "http://hris.cohere.ph/pim/addEmployee") [] []
[2025-03-04T14:27:07.584649+00:00] orangehrm.ERROR: #0 /var/www/html/orangehrm-5.6.1/src/vendor/symfony/event-dispatcher/EventDispatcher.php(230): Symfony\Component\HttpKernel\EventListener\RouterListener->onKernelRequest() #1 /var/www/html/orangehrm-5.6.1/src/vendor/symfony/event-dispatcher/EventDispatcher.php(59): Symfony\Component\EventDispatcher\EventDispatcher->callListeners() #2 /var/www/html/orangehrm-5.6.1/src/vendor/symfony/http-kernel/HttpKernel.php(139): Symfony\Component\EventDispatcher\EventDispatcher->dispatch() #3 /var/www/html/orangehrm-5.6.1/src/vendor/symfony/http-kernel/HttpKernel.php(75): Symfony\Component\HttpKernel\HttpKernel->handleRaw() #4 /var/www/html/orangehrm-5.6.1/src/lib/framework/Framework.php(156): Symfony\Component\HttpKernel\HttpKernel->handle() #5 /var/www/html/orangehrm-5.6.1/web/index.php(41): OrangeHRM\Framework\Framework->handleRequest() #6 {main} [] []
[2025-03-04T14:27:25.866591+00:00] orangehrm.ERROR: No route found for "GET http://hris.cohere.ph/pim/api/v2/core/validation/unique" (from "http://hris.cohere.ph/pim/addEmployee") [] []
[2025-03-04T14:27:25.866869+00:00] orangehrm.ERROR: #0 /var/www/html/orangehrm-5.6.1/src/vendor/symfony/event-dispatcher/EventDispatcher.php(230): Symfony\Component\HttpKernel\EventListener\RouterListener->onKernelRequest() #1 /var/www/html/orangehrm-5.6.1/src/vendor/symfony/event-dispatcher/EventDispatcher.php(59): Symfony\Component\EventDispatcher\EventDispatcher->callListeners() #2 /var/www/html/orangehrm-5.6.1/src/vendor/symfony/http-kernel/HttpKernel.php(139): Symfony\Component\EventDispatcher\EventDispatcher->dispatch() #3 /var/www/html/orangehrm-5.6.1/src/vendor/symfony/http-kernel/HttpKernel.php(75): Symfony\Component\HttpKernel\HttpKernel->handleRaw() #4 /var/www/html/orangehrm-5.6.1/src/lib/framework/Framework.php(156): Symfony\Component\HttpKernel\HttpKernel->handle() #5 /var/www/html/orangehrm-5.6.1/web/index.php(41): OrangeHRM\Framework\Framework->handleRequest() #6 {main} [] []
[2025-03-04T14:27:25.890872+00:00] orangehrm.ERROR: No route found for "GET http://hris.cohere.ph/pim/api/v2/core/validation/unique" (from "http://hris.cohere.ph/pim/addEmployee") [] []
[2025-03-04T14:27:25.891121+00:00] orangehrm.ERROR: #0 /var/www/html/orangehrm-5.6.1/src/vendor/symfony/event-dispatcher/EventDispatcher.php(230): Symfony\Component\HttpKernel\EventListener\RouterListener->onKernelRequest() #1 /var/www/html/orangehrm-5.6.1/src/vendor/symfony/event-dispatcher/EventDispatcher.php(59): Symfony\Component\EventDispatcher\EventDispatcher->callListeners() #2 /var/www/html/orangehrm-5.6.1/src/vendor/symfony/http-kernel/HttpKernel.php(139): Symfony\Component\EventDispatcher\EventDispatcher->dispatch() #3 /var/www/html/orangehrm-5.6.1/src/vendor/symfony/http-kernel/HttpKernel.php(75): Symfony\Component\HttpKernel\HttpKernel->handleRaw() #4 /var/www/html/orangehrm-5.6.1/src/lib/framework/Framework.php(156): Symfony\Component\HttpKernel\HttpKernel->handle() #5 /var/www/html/orangehrm-5.6.1/web/index.php(41): OrangeHRM\Framework\Framework->handleRequest() #6 {main} [] []
[2025-03-05T11:03:33.670687+00:00] orangehrm.ERROR: No route found for "GET http://hris.cohere.ph/orangehrm-5.6.1/web/index.php/auth/login" (from "http://hris.cohere.ph/orangehrm-5.6.1/web/index.php/auth/login") [] []
[2025-03-05T11:03:33.672683+00:00] orangehrm.ERROR: #0 /var/www/html/orangehrm-5.6.1/src/vendor/symfony/event-dispatcher/EventDispatcher.php(230): Symfony\Component\HttpKernel\EventListener\RouterListener->onKernelRequest() #1 /var/www/html/orangehrm-5.6.1/src/vendor/symfony/event-dispatcher/EventDispatcher.php(59): Symfony\Component\EventDispatcher\EventDispatcher->callListeners() #2 /var/www/html/orangehrm-5.6.1/src/vendor/symfony/http-kernel/HttpKernel.php(139): Symfony\Component\EventDispatcher\EventDispatcher->dispatch() #3 /var/www/html/orangehrm-5.6.1/src/vendor/symfony/http-kernel/HttpKernel.php(75): Symfony\Component\HttpKernel\HttpKernel->handleRaw() #4 /var/www/html/orangehrm-5.6.1/src/lib/framework/Framework.php(156): Symfony\Component\HttpKernel\HttpKernel->handle() #5 /var/www/html/orangehrm-5.6.1/web/index.php(41): OrangeHRM\Framework\Framework->handleRequest() #6 {main} [] []
[2025-03-05T11:14:59.797953+00:00] orangehrm.ERROR: No route found for "GET http://157.245.192.63/.env" [] []
[2025-03-05T11:14:59.799915+00:00] orangehrm.ERROR: #0 /var/www/html/orangehrm-5.6.1/src/vendor/symfony/event-dispatcher/EventDispatcher.php(230): Symfony\Component\HttpKernel\EventListener\RouterListener->onKernelRequest() #1 /var/www/html/orangehrm-5.6.1/src/vendor/symfony/event-dispatcher/EventDispatcher.php(59): Symfony\Component\EventDispatcher\EventDispatcher->callListeners() #2 /var/www/html/orangehrm-5.6.1/src/vendor/symfony/http-kernel/HttpKernel.php(139): Symfony\Component\EventDispatcher\EventDispatcher->dispatch() #3 /var/www/html/orangehrm-5.6.1/src/vendor/symfony/http-kernel/HttpKernel.php(75): Symfony\Component\HttpKernel\HttpKernel->handleRaw() #4 /var/www/html/orangehrm-5.6.1/src/lib/framework/Framework.php(156): Symfony\Component\HttpKernel\HttpKernel->handle() #5 /var/www/html/orangehrm-5.6.1/web/index.php(41): OrangeHRM\Framework\Framework->handleRequest() #6 {main} [] []
